#
# A fatal error has been detected by the Java Runtime Environment:
#
#  EXCEPTION_ACCESS_VIOLATION (0xc0000005) at pc=0x00000281db22095f, pid=108, tid=11820
#
# JRE version: Java(TM) SE Runtime Environment 18.9 (11.0.12+8) (build 11.0.12+8-LTS-237)
# Java VM: Java HotSpot(TM) 64-Bit Server VM 18.9 (11.0.12+8-LTS-237, mixed mode, tiered, compressed oops, g1 gc, windows-amd64)
# Problematic frame:
# j  javax.validation.Validation.byDefaultProvider()Ljavax/validation/bootstrap/GenericBootstrap;+0
#
# No core dump will be written. Minidumps are not enabled by default on client versions of Windows
#
# If you would like to submit a bug report, please visit:
#   https://bugreport.java.com/bugreport/crash.jsp
#

---------------  S U M M A R Y ------------

Command Line: -Xverify:none -XX:TieredStopAtLevel=1 com.example.demo.DemoApplication

Host: AMD Ryzen 7 4700U with Radeon Graphics         , 8 cores, 15G,  Windows 10 , 64 bit Build 17763 (10.0.17763.1879)
Time: Tue Aug 24 21:28:42 2021 India Standard Time elapsed time: 0.878752 seconds (0d 0h 0m 0s)

---------------  T H R E A D  ---------------

Current thread (0x00000281f7641800):  JavaThread "background-preinit" [_thread_in_Java, id=11820, stack(0x0000009044600000,0x0000009044700000)]

Stack: [0x0000009044600000,0x0000009044700000],  sp=0x00000090446ff0f0,  free space=1020k
Native frames: (J=compiled Java code, j=interpreted, Vv=VM code, C=native code)
C  0x00000281db22095f


siginfo: EXCEPTION_ACCESS_VIOLATION (0xc0000005), reading address 0x00000281f7d00000


Register to memory mapping:

RIP=0x00000281db22095f is at code_begin+63 in an Interpreter codelet
nop  0 nop  [0x00000281db220920, 0x00000281db220980]  96 bytes
RAX=0x0000000000000003 is an unknown value
RBX=0x0 is NULL
RCX={method} {0x00000281f7cd8790} 'byDefaultProvider' '()Ljavax/validation/bootstrap/GenericBootstrap;' in 'javax/validation/Validation'
RDX=0x0000000000001297 is an unknown value
RSP=0x00000090446ff0f0 is pointing into the stack for thread: 0x00000281f7641800
RBP=0x00000090446ff140 is pointing into the stack for thread: 0x00000281f7641800
RSI=0x0000000020200020 is an unknown value
RDI=0x0000000000000010 is an unknown value
R8 =0x0000000000000008 is an unknown value
R9 =0x0000000000000004 is an unknown value
R10=0x00007ffb06b30ab0 jvm.dll
R11={method} {0x00000281f7cd8790} 'byDefaultProvider' '()Ljavax/validation/bootstrap/GenericBootstrap;' in 'javax/validation/Validation'
R12=0x0 is NULL
R13=0x00000281f7cfffff is pointing into metadata
R14=0x00000090446ff148 is pointing into the stack for thread: 0x00000281f7641800
R15=0x00000281f7641800 is a thread


Registers:
RAX=0x0000000000000003, RBX=0x0000000000000000, RCX=0x00000281f7cd8788, RDX=0x0000000000001297
RSP=0x00000090446ff0f0, RBP=0x00000090446ff140, RSI=0x0000000020200020, RDI=0x0000000000000010
R8 =0x0000000000000008, R9 =0x0000000000000004, R10=0x00007ffb06b30ab0, R11=0x00000281f7cd8788
R12=0x0000000000000000, R13=0x00000281f7cfffff, R14=0x00000090446ff148, R15=0x00000281f7641800
RIP=0x00000281db22095f, EFLAGS=0x0000000000010206

Top of Stack: (sp=0x00000090446ff0f0)
0x00000090446ff0f0:   0000000000000003 00000090446ff0f8
0x00000090446ff100:   00000281f7cd8788 00000090446ff148
0x00000090446ff110:   00000281f7cd88a8 0000000000000000
0x00000090446ff120:   000000071a9262e0 00000281f7cd8788
0x00000090446ff130:   0000000000000000 00000090446ff150
0x00000090446ff140:   00000090446ff198 00000281db219e80
0x00000090446ff150:   00000090446ff150 00000281f7cd8128
0x00000090446ff160:   00000090446ff1b0 00000281f7cd8290
0x00000090446ff170:   0000000000000000 000000071a91ce90
0x00000090446ff180:   00000281f7cd8160 00000090446ff150
0x00000090446ff190:   00000090446ff1b0 00000090446ff200
0x00000090446ff1a0:   00000281db21a16c 0000000000000000
0x00000090446ff1b0:   000000071a91cfe0 00000090446ff1b8
0x00000090446ff1c0:   00000281f7cd5649 00000090446ff220
0x00000090446ff1d0:   00000281f7cd5720 0000000000000000
0x00000090446ff1e0:   000000071aade700 00000281f7cd5688 

Instructions: (pc=0x00000281db22095f)
0x00000281db22093f:   00 00 00 48 83 ec 10 48 89 04 24 49 ba 00 00 00
0x00000281db22094f:   00 00 00 00 00 4c 89 54 24 08 e9 01 00 00 00 50
0x00000281db22095f:   41 0f b6 5d 01 49 ff c5 49 ba b0 0a b3 06 fb 7f
0x00000281db22096f:   00 00 41 ff 24 da 66 66 90 00 00 00 00 00 00 00 


Stack slot to memory mapping:
stack at sp + 0 slots: 0x0000000000000003 is an unknown value
stack at sp + 1 slots: 0x00000090446ff0f8 is pointing into the stack for thread: 0x00000281f7641800
stack at sp + 2 slots: {method} {0x00000281f7cd8790} 'byDefaultProvider' '()Ljavax/validation/bootstrap/GenericBootstrap;' in 'javax/validation/Validation'
stack at sp + 3 slots: 0x00000090446ff148 is pointing into the stack for thread: 0x00000281f7641800
stack at sp + 4 slots: 0x00000281f7cd88a8 is pointing into metadata
stack at sp + 5 slots: 0x0 is NULL
stack at sp + 6 slots: 0x000000071a9262e0 is an oop: java.lang.Class 
{0x000000071a9262e0} - klass: 'java/lang/Class'
stack at sp + 7 slots: {method} {0x00000281f7cd8790} 'byDefaultProvider' '()Ljavax/validation/bootstrap/GenericBootstrap;' in 'javax/validation/Validation'

nop  0 nop  [0x00000281db220920, 0x00000281db220980]  96 bytes

---------------  P R O C E S S  ---------------

Threads class SMR info:
_java_thread_list=0x00000281f760f870, length=10, elements={
0x00000281d2de4800, 0x00000281f38f9000, 0x00000281f38fe000, 0x00000281f6ad3800,
0x00000281f6ad5000, 0x00000281f6ad8000, 0x00000281f6ad9800, 0x00000281f6ada800,
0x00000281f6c2e000, 0x00000281f7641800
}

Java Threads: ( => current thread )
  0x00000281d2de4800 JavaThread "main" [_thread_blocked, id=12536, stack(0x0000009043200000,0x0000009043300000)]
  0x00000281f38f9000 JavaThread "Reference Handler" daemon [_thread_blocked, id=14820, stack(0x0000009043900000,0x0000009043a00000)]
  0x00000281f38fe000 JavaThread "Finalizer" daemon [_thread_blocked, id=4244, stack(0x0000009043a00000,0x0000009043b00000)]
  0x00000281f6ad3800 JavaThread "Signal Dispatcher" daemon [_thread_blocked, id=15292, stack(0x0000009043b00000,0x0000009043c00000)]
  0x00000281f6ad5000 JavaThread "Attach Listener" daemon [_thread_blocked, id=8100, stack(0x0000009043c00000,0x0000009043d00000)]
  0x00000281f6ad8000 JavaThread "Service Thread" daemon [_thread_blocked, id=652, stack(0x0000009043d00000,0x0000009043e00000)]
  0x00000281f6ad9800 JavaThread "C1 CompilerThread0" daemon [_thread_in_vm, id=10400, stack(0x0000009043e00000,0x0000009043f00000)]
  0x00000281f6ada800 JavaThread "Sweeper thread" daemon [_thread_blocked, id=7440, stack(0x0000009043f00000,0x0000009044000000)]
  0x00000281f6c2e000 JavaThread "Common-Cleaner" daemon [_thread_blocked, id=8808, stack(0x0000009044100000,0x0000009044200000)]
=>0x00000281f7641800 JavaThread "background-preinit" [_thread_in_Java, id=11820, stack(0x0000009044600000,0x0000009044700000)]

Other Threads:
  0x00000281f38f6000 VMThread "VM Thread" [stack: 0x0000009043800000,0x0000009043900000] [id=13664] _threads_hazard_ptr=0x00000281f760f870
  0x00000281f6c2b800 WatcherThread [stack: 0x0000009044000000,0x0000009044100000] [id=7936]
  0x00000281d2df8800 GCTaskThread "GC Thread#0" [stack: 0x0000009043300000,0x0000009043400000] [id=9116]
  0x00000281f752d800 GCTaskThread "GC Thread#1" [stack: 0x0000009044200000,0x0000009044300000] [id=4804]
  0x00000281f7574800 GCTaskThread "GC Thread#2" [stack: 0x0000009044300000,0x0000009044400000] [id=16140]
  0x00000281f7575000 GCTaskThread "GC Thread#3" [stack: 0x0000009044400000,0x0000009044500000] [id=14796]
  0x00000281f7576000 GCTaskThread "GC Thread#4" [stack: 0x0000009044500000,0x0000009044600000] [id=15956]
  0x00000281d2e2e000 ConcurrentGCThread "G1 Main Marker" [stack: 0x0000009043400000,0x0000009043500000] [id=2128]
  0x00000281f3725800 ConcurrentGCThread "G1 Conc#0" [stack: 0x0000009043500000,0x0000009043600000] [id=14860]
  0x00000281f3836000 ConcurrentGCThread "G1 Refine#0" [stack: 0x0000009043600000,0x0000009043700000] [id=3344]
  0x00000281f3837000 ConcurrentGCThread "G1 Young RemSet Sampling" [stack: 0x0000009043700000,0x0000009043800000] [id=10560]

Threads with active compile tasks:
C1 CompilerThread0    913 1446       1       org.springframework.core.convert.support.GenericConversionService::addConverter (13 bytes)

VM state:synchronizing (normal execution)

VM Mutex/Monitor currently owned by a thread:  ([mutex/lock_event])
[0x00000281d2dde970] Safepoint_lock - owner thread: 0x00000281f38f6000
[0x00000281d2dddbf0] Threads_lock - owner thread: 0x00000281f38f6000

Heap address: 0x000000070c600000, size: 3898 MB, Compressed Oops mode: Zero based, Oop shift amount: 3
Narrow klass base: 0x0000000800000000, Narrow klass shift: 0
Compressed class space size: 1073741824 Address: 0x0000000800000000

Heap:
 garbage-first heap   total 249856K, used 22654K [0x000000070c600000, 0x0000000800000000)
  region size 1024K, 20 young (20480K), 3 survivors (3072K)
 Metaspace       used 14847K, capacity 15212K, committed 15488K, reserved 1062912K
  class space    used 1667K, capacity 1814K, committed 1920K, reserved 1048576K
Heap Regions: E=young(eden), S=young(survivor), O=old, HS=humongous(starts), HC=humongous(continues), CS=collection set, F=free, A=archive, TAMS=top-at-mark-start (previous, next)
|   0|0x000000070c600000, 0x000000070c700000, 0x000000070c700000|100%|HS|  |TAMS 0x000000070c600000, 0x000000070c600000| Complete 
|   1|0x000000070c700000, 0x000000070c800000, 0x000000070c800000|100%| O|  |TAMS 0x000000070c700000, 0x000000070c700000| Untracked 
|   2|0x000000070c800000, 0x000000070c900000, 0x000000070c900000|100%| O|  |TAMS 0x000000070c800000, 0x000000070c800000| Untracked 
|   3|0x000000070c900000, 0x000000070c91f800, 0x000000070ca00000| 12%| O|  |TAMS 0x000000070c900000, 0x000000070c900000| Untracked 
|   4|0x000000070ca00000, 0x000000070ca00000, 0x000000070cb00000|  0%| F|  |TAMS 0x000000070ca00000, 0x000000070ca00000| Untracked 
|   5|0x000000070cb00000, 0x000000070cb00000, 0x000000070cc00000|  0%| F|  |TAMS 0x000000070cb00000, 0x000000070cb00000| Untracked 
|   6|0x000000070cc00000, 0x000000070cc00000, 0x000000070cd00000|  0%| F|  |TAMS 0x000000070cc00000, 0x000000070cc00000| Untracked 
|   7|0x000000070cd00000, 0x000000070cd00000, 0x000000070ce00000|  0%| F|  |TAMS 0x000000070cd00000, 0x000000070cd00000| Untracked 
|   8|0x000000070ce00000, 0x000000070ce00000, 0x000000070cf00000|  0%| F|  |TAMS 0x000000070ce00000, 0x000000070ce00000| Untracked 
|   9|0x000000070cf00000, 0x000000070cf00000, 0x000000070d000000|  0%| F|  |TAMS 0x000000070cf00000, 0x000000070cf00000| Untracked 
|  10|0x000000070d000000, 0x000000070d000000, 0x000000070d100000|  0%| F|  |TAMS 0x000000070d000000, 0x000000070d000000| Untracked 
|  11|0x000000070d100000, 0x000000070d100000, 0x000000070d200000|  0%| F|  |TAMS 0x000000070d100000, 0x000000070d100000| Untracked 
|  12|0x000000070d200000, 0x000000070d200000, 0x000000070d300000|  0%| F|  |TAMS 0x000000070d200000, 0x000000070d200000| Untracked 
|  13|0x000000070d300000, 0x000000070d300000, 0x000000070d400000|  0%| F|  |TAMS 0x000000070d300000, 0x000000070d300000| Untracked 
|  14|0x000000070d400000, 0x000000070d400000, 0x000000070d500000|  0%| F|  |TAMS 0x000000070d400000, 0x000000070d400000| Untracked 
|  15|0x000000070d500000, 0x000000070d500000, 0x000000070d600000|  0%| F|  |TAMS 0x000000070d500000, 0x000000070d500000| Untracked 
|  16|0x000000070d600000, 0x000000070d600000, 0x000000070d700000|  0%| F|  |TAMS 0x000000070d600000, 0x000000070d600000| Untracked 
|  17|0x000000070d700000, 0x000000070d700000, 0x000000070d800000|  0%| F|  |TAMS 0x000000070d700000, 0x000000070d700000| Untracked 
|  18|0x000000070d800000, 0x000000070d800000, 0x000000070d900000|  0%| F|  |TAMS 0x000000070d800000, 0x000000070d800000| Untracked 
|  19|0x000000070d900000, 0x000000070d900000, 0x000000070da00000|  0%| F|  |TAMS 0x000000070d900000, 0x000000070d900000| Untracked 
|  20|0x000000070da00000, 0x000000070da00000, 0x000000070db00000|  0%| F|  |TAMS 0x000000070da00000, 0x000000070da00000| Untracked 
|  21|0x000000070db00000, 0x000000070db00000, 0x000000070dc00000|  0%| F|  |TAMS 0x000000070db00000, 0x000000070db00000| Untracked 
|  22|0x000000070dc00000, 0x000000070dc00000, 0x000000070dd00000|  0%| F|  |TAMS 0x000000070dc00000, 0x000000070dc00000| Untracked 
|  23|0x000000070dd00000, 0x000000070dd00000, 0x000000070de00000|  0%| F|  |TAMS 0x000000070dd00000, 0x000000070dd00000| Untracked 
|  24|0x000000070de00000, 0x000000070de00000, 0x000000070df00000|  0%| F|  |TAMS 0x000000070de00000, 0x000000070de00000| Untracked 
|  25|0x000000070df00000, 0x000000070df00000, 0x000000070e000000|  0%| F|  |TAMS 0x000000070df00000, 0x000000070df00000| Untracked 
|  26|0x000000070e000000, 0x000000070e000000, 0x000000070e100000|  0%| F|  |TAMS 0x000000070e000000, 0x000000070e000000| Untracked 
|  27|0x000000070e100000, 0x000000070e100000, 0x000000070e200000|  0%| F|  |TAMS 0x000000070e100000, 0x000000070e100000| Untracked 
|  28|0x000000070e200000, 0x000000070e200000, 0x000000070e300000|  0%| F|  |TAMS 0x000000070e200000, 0x000000070e200000| Untracked 
|  29|0x000000070e300000, 0x000000070e300000, 0x000000070e400000|  0%| F|  |TAMS 0x000000070e300000, 0x000000070e300000| Untracked 
|  30|0x000000070e400000, 0x000000070e400000, 0x000000070e500000|  0%| F|  |TAMS 0x000000070e400000, 0x000000070e400000| Untracked 
|  31|0x000000070e500000, 0x000000070e500000, 0x000000070e600000|  0%| F|  |TAMS 0x000000070e500000, 0x000000070e500000| Untracked 
|  32|0x000000070e600000, 0x000000070e600000, 0x000000070e700000|  0%| F|  |TAMS 0x000000070e600000, 0x000000070e600000| Untracked 
|  33|0x000000070e700000, 0x000000070e700000, 0x000000070e800000|  0%| F|  |TAMS 0x000000070e700000, 0x000000070e700000| Untracked 
|  34|0x000000070e800000, 0x000000070e800000, 0x000000070e900000|  0%| F|  |TAMS 0x000000070e800000, 0x000000070e800000| Untracked 
|  35|0x000000070e900000, 0x000000070e900000, 0x000000070ea00000|  0%| F|  |TAMS 0x000000070e900000, 0x000000070e900000| Untracked 
|  36|0x000000070ea00000, 0x000000070ea00000, 0x000000070eb00000|  0%| F|  |TAMS 0x000000070ea00000, 0x000000070ea00000| Untracked 
|  37|0x000000070eb00000, 0x000000070eb00000, 0x000000070ec00000|  0%| F|  |TAMS 0x000000070eb00000, 0x000000070eb00000| Untracked 
|  38|0x000000070ec00000, 0x000000070ec00000, 0x000000070ed00000|  0%| F|  |TAMS 0x000000070ec00000, 0x000000070ec00000| Untracked 
|  39|0x000000070ed00000, 0x000000070ed00000, 0x000000070ee00000|  0%| F|  |TAMS 0x000000070ed00000, 0x000000070ed00000| Untracked 
|  40|0x000000070ee00000, 0x000000070ee00000, 0x000000070ef00000|  0%| F|  |TAMS 0x000000070ee00000, 0x000000070ee00000| Untracked 
|  41|0x000000070ef00000, 0x000000070ef00000, 0x000000070f000000|  0%| F|  |TAMS 0x000000070ef00000, 0x000000070ef00000| Untracked 
|  42|0x000000070f000000, 0x000000070f000000, 0x000000070f100000|  0%| F|  |TAMS 0x000000070f000000, 0x000000070f000000| Untracked 
|  43|0x000000070f100000, 0x000000070f100000, 0x000000070f200000|  0%| F|  |TAMS 0x000000070f100000, 0x000000070f100000| Untracked 
|  44|0x000000070f200000, 0x000000070f200000, 0x000000070f300000|  0%| F|  |TAMS 0x000000070f200000, 0x000000070f200000| Untracked 
|  45|0x000000070f300000, 0x000000070f300000, 0x000000070f400000|  0%| F|  |TAMS 0x000000070f300000, 0x000000070f300000| Untracked 
|  46|0x000000070f400000, 0x000000070f400000, 0x000000070f500000|  0%| F|  |TAMS 0x000000070f400000, 0x000000070f400000| Untracked 
|  47|0x000000070f500000, 0x000000070f500000, 0x000000070f600000|  0%| F|  |TAMS 0x000000070f500000, 0x000000070f500000| Untracked 
|  48|0x000000070f600000, 0x000000070f600000, 0x000000070f700000|  0%| F|  |TAMS 0x000000070f600000, 0x000000070f600000| Untracked 
|  49|0x000000070f700000, 0x000000070f700000, 0x000000070f800000|  0%| F|  |TAMS 0x000000070f700000, 0x000000070f700000| Untracked 
|  50|0x000000070f800000, 0x000000070f800000, 0x000000070f900000|  0%| F|  |TAMS 0x000000070f800000, 0x000000070f800000| Untracked 
|  51|0x000000070f900000, 0x000000070f900000, 0x000000070fa00000|  0%| F|  |TAMS 0x000000070f900000, 0x000000070f900000| Untracked 
|  52|0x000000070fa00000, 0x000000070fa00000, 0x000000070fb00000|  0%| F|  |TAMS 0x000000070fa00000, 0x000000070fa00000| Untracked 
|  53|0x000000070fb00000, 0x000000070fb00000, 0x000000070fc00000|  0%| F|  |TAMS 0x000000070fb00000, 0x000000070fb00000| Untracked 
|  54|0x000000070fc00000, 0x000000070fc00000, 0x000000070fd00000|  0%| F|  |TAMS 0x000000070fc00000, 0x000000070fc00000| Untracked 
|  55|0x000000070fd00000, 0x000000070fd00000, 0x000000070fe00000|  0%| F|  |TAMS 0x000000070fd00000, 0x000000070fd00000| Untracked 
|  56|0x000000070fe00000, 0x000000070fe00000, 0x000000070ff00000|  0%| F|  |TAMS 0x000000070fe00000, 0x000000070fe00000| Untracked 
|  57|0x000000070ff00000, 0x000000070ff00000, 0x0000000710000000|  0%| F|  |TAMS 0x000000070ff00000, 0x000000070ff00000| Untracked 
|  58|0x0000000710000000, 0x0000000710000000, 0x0000000710100000|  0%| F|  |TAMS 0x0000000710000000, 0x0000000710000000| Untracked 
|  59|0x0000000710100000, 0x0000000710100000, 0x0000000710200000|  0%| F|  |TAMS 0x0000000710100000, 0x0000000710100000| Untracked 
|  60|0x0000000710200000, 0x0000000710200000, 0x0000000710300000|  0%| F|  |TAMS 0x0000000710200000, 0x0000000710200000| Untracked 
|  61|0x0000000710300000, 0x0000000710300000, 0x0000000710400000|  0%| F|  |TAMS 0x0000000710300000, 0x0000000710300000| Untracked 
|  62|0x0000000710400000, 0x0000000710400000, 0x0000000710500000|  0%| F|  |TAMS 0x0000000710400000, 0x0000000710400000| Untracked 
|  63|0x0000000710500000, 0x0000000710500000, 0x0000000710600000|  0%| F|  |TAMS 0x0000000710500000, 0x0000000710500000| Untracked 
|  64|0x0000000710600000, 0x0000000710600000, 0x0000000710700000|  0%| F|  |TAMS 0x0000000710600000, 0x0000000710600000| Untracked 
|  65|0x0000000710700000, 0x0000000710700000, 0x0000000710800000|  0%| F|  |TAMS 0x0000000710700000, 0x0000000710700000| Untracked 
|  66|0x0000000710800000, 0x0000000710800000, 0x0000000710900000|  0%| F|  |TAMS 0x0000000710800000, 0x0000000710800000| Untracked 
|  67|0x0000000710900000, 0x0000000710900000, 0x0000000710a00000|  0%| F|  |TAMS 0x0000000710900000, 0x0000000710900000| Untracked 
|  68|0x0000000710a00000, 0x0000000710a00000, 0x0000000710b00000|  0%| F|  |TAMS 0x0000000710a00000, 0x0000000710a00000| Untracked 
|  69|0x0000000710b00000, 0x0000000710b00000, 0x0000000710c00000|  0%| F|  |TAMS 0x0000000710b00000, 0x0000000710b00000| Untracked 
|  70|0x0000000710c00000, 0x0000000710c00000, 0x0000000710d00000|  0%| F|  |TAMS 0x0000000710c00000, 0x0000000710c00000| Untracked 
|  71|0x0000000710d00000, 0x0000000710d00000, 0x0000000710e00000|  0%| F|  |TAMS 0x0000000710d00000, 0x0000000710d00000| Untracked 
|  72|0x0000000710e00000, 0x0000000710e00000, 0x0000000710f00000|  0%| F|  |TAMS 0x0000000710e00000, 0x0000000710e00000| Untracked 
|  73|0x0000000710f00000, 0x0000000710f00000, 0x0000000711000000|  0%| F|  |TAMS 0x0000000710f00000, 0x0000000710f00000| Untracked 
|  74|0x0000000711000000, 0x0000000711000000, 0x0000000711100000|  0%| F|  |TAMS 0x0000000711000000, 0x0000000711000000| Untracked 
|  75|0x0000000711100000, 0x0000000711100000, 0x0000000711200000|  0%| F|  |TAMS 0x0000000711100000, 0x0000000711100000| Untracked 
|  76|0x0000000711200000, 0x0000000711200000, 0x0000000711300000|  0%| F|  |TAMS 0x0000000711200000, 0x0000000711200000| Untracked 
|  77|0x0000000711300000, 0x0000000711300000, 0x0000000711400000|  0%| F|  |TAMS 0x0000000711300000, 0x0000000711300000| Untracked 
|  78|0x0000000711400000, 0x0000000711400000, 0x0000000711500000|  0%| F|  |TAMS 0x0000000711400000, 0x0000000711400000| Untracked 
|  79|0x0000000711500000, 0x0000000711500000, 0x0000000711600000|  0%| F|  |TAMS 0x0000000711500000, 0x0000000711500000| Untracked 
|  80|0x0000000711600000, 0x0000000711600000, 0x0000000711700000|  0%| F|  |TAMS 0x0000000711600000, 0x0000000711600000| Untracked 
|  81|0x0000000711700000, 0x0000000711700000, 0x0000000711800000|  0%| F|  |TAMS 0x0000000711700000, 0x0000000711700000| Untracked 
|  82|0x0000000711800000, 0x0000000711800000, 0x0000000711900000|  0%| F|  |TAMS 0x0000000711800000, 0x0000000711800000| Untracked 
|  83|0x0000000711900000, 0x0000000711900000, 0x0000000711a00000|  0%| F|  |TAMS 0x0000000711900000, 0x0000000711900000| Untracked 
|  84|0x0000000711a00000, 0x0000000711a00000, 0x0000000711b00000|  0%| F|  |TAMS 0x0000000711a00000, 0x0000000711a00000| Untracked 
|  85|0x0000000711b00000, 0x0000000711b00000, 0x0000000711c00000|  0%| F|  |TAMS 0x0000000711b00000, 0x0000000711b00000| Untracked 
|  86|0x0000000711c00000, 0x0000000711c00000, 0x0000000711d00000|  0%| F|  |TAMS 0x0000000711c00000, 0x0000000711c00000| Untracked 
|  87|0x0000000711d00000, 0x0000000711d00000, 0x0000000711e00000|  0%| F|  |TAMS 0x0000000711d00000, 0x0000000711d00000| Untracked 
|  88|0x0000000711e00000, 0x0000000711e00000, 0x0000000711f00000|  0%| F|  |TAMS 0x0000000711e00000, 0x0000000711e00000| Untracked 
|  89|0x0000000711f00000, 0x0000000711f00000, 0x0000000712000000|  0%| F|  |TAMS 0x0000000711f00000, 0x0000000711f00000| Untracked 
|  90|0x0000000712000000, 0x0000000712000000, 0x0000000712100000|  0%| F|  |TAMS 0x0000000712000000, 0x0000000712000000| Untracked 
|  91|0x0000000712100000, 0x0000000712100000, 0x0000000712200000|  0%| F|  |TAMS 0x0000000712100000, 0x0000000712100000| Untracked 
|  92|0x0000000712200000, 0x0000000712200000, 0x0000000712300000|  0%| F|  |TAMS 0x0000000712200000, 0x0000000712200000| Untracked 
|  93|0x0000000712300000, 0x0000000712300000, 0x0000000712400000|  0%| F|  |TAMS 0x0000000712300000, 0x0000000712300000| Untracked 
|  94|0x0000000712400000, 0x0000000712400000, 0x0000000712500000|  0%| F|  |TAMS 0x0000000712400000, 0x0000000712400000| Untracked 
|  95|0x0000000712500000, 0x0000000712500000, 0x0000000712600000|  0%| F|  |TAMS 0x0000000712500000, 0x0000000712500000| Untracked 
|  96|0x0000000712600000, 0x0000000712600000, 0x0000000712700000|  0%| F|  |TAMS 0x0000000712600000, 0x0000000712600000| Untracked 
|  97|0x0000000712700000, 0x0000000712700000, 0x0000000712800000|  0%| F|  |TAMS 0x0000000712700000, 0x0000000712700000| Untracked 
|  98|0x0000000712800000, 0x0000000712800000, 0x0000000712900000|  0%| F|  |TAMS 0x0000000712800000, 0x0000000712800000| Untracked 
|  99|0x0000000712900000, 0x0000000712900000, 0x0000000712a00000|  0%| F|  |TAMS 0x0000000712900000, 0x0000000712900000| Untracked 
| 100|0x0000000712a00000, 0x0000000712a00000, 0x0000000712b00000|  0%| F|  |TAMS 0x0000000712a00000, 0x0000000712a00000| Untracked 
| 101|0x0000000712b00000, 0x0000000712b00000, 0x0000000712c00000|  0%| F|  |TAMS 0x0000000712b00000, 0x0000000712b00000| Untracked 
| 102|0x0000000712c00000, 0x0000000712c00000, 0x0000000712d00000|  0%| F|  |TAMS 0x0000000712c00000, 0x0000000712c00000| Untracked 
| 103|0x0000000712d00000, 0x0000000712d00000, 0x0000000712e00000|  0%| F|  |TAMS 0x0000000712d00000, 0x0000000712d00000| Untracked 
| 104|0x0000000712e00000, 0x0000000712e00000, 0x0000000712f00000|  0%| F|  |TAMS 0x0000000712e00000, 0x0000000712e00000| Untracked 
| 105|0x0000000712f00000, 0x0000000712f00000, 0x0000000713000000|  0%| F|  |TAMS 0x0000000712f00000, 0x0000000712f00000| Untracked 
| 106|0x0000000713000000, 0x0000000713000000, 0x0000000713100000|  0%| F|  |TAMS 0x0000000713000000, 0x0000000713000000| Untracked 
| 107|0x0000000713100000, 0x0000000713100000, 0x0000000713200000|  0%| F|  |TAMS 0x0000000713100000, 0x0000000713100000| Untracked 
| 108|0x0000000713200000, 0x0000000713200000, 0x0000000713300000|  0%| F|  |TAMS 0x0000000713200000, 0x0000000713200000| Untracked 
| 109|0x0000000713300000, 0x0000000713300000, 0x0000000713400000|  0%| F|  |TAMS 0x0000000713300000, 0x0000000713300000| Untracked 
| 110|0x0000000713400000, 0x0000000713400000, 0x0000000713500000|  0%| F|  |TAMS 0x0000000713400000, 0x0000000713400000| Untracked 
| 111|0x0000000713500000, 0x0000000713500000, 0x0000000713600000|  0%| F|  |TAMS 0x0000000713500000, 0x0000000713500000| Untracked 
| 112|0x0000000713600000, 0x0000000713600000, 0x0000000713700000|  0%| F|  |TAMS 0x0000000713600000, 0x0000000713600000| Untracked 
| 113|0x0000000713700000, 0x0000000713700000, 0x0000000713800000|  0%| F|  |TAMS 0x0000000713700000, 0x0000000713700000| Untracked 
| 114|0x0000000713800000, 0x0000000713800000, 0x0000000713900000|  0%| F|  |TAMS 0x0000000713800000, 0x0000000713800000| Untracked 
| 115|0x0000000713900000, 0x0000000713900000, 0x0000000713a00000|  0%| F|  |TAMS 0x0000000713900000, 0x0000000713900000| Untracked 
| 116|0x0000000713a00000, 0x0000000713a00000, 0x0000000713b00000|  0%| F|  |TAMS 0x0000000713a00000, 0x0000000713a00000| Untracked 
| 117|0x0000000713b00000, 0x0000000713b00000, 0x0000000713c00000|  0%| F|  |TAMS 0x0000000713b00000, 0x0000000713b00000| Untracked 
| 118|0x0000000713c00000, 0x0000000713c00000, 0x0000000713d00000|  0%| F|  |TAMS 0x0000000713c00000, 0x0000000713c00000| Untracked 
| 119|0x0000000713d00000, 0x0000000713d00000, 0x0000000713e00000|  0%| F|  |TAMS 0x0000000713d00000, 0x0000000713d00000| Untracked 
| 120|0x0000000713e00000, 0x0000000713e00000, 0x0000000713f00000|  0%| F|  |TAMS 0x0000000713e00000, 0x0000000713e00000| Untracked 
| 121|0x0000000713f00000, 0x0000000713f00000, 0x0000000714000000|  0%| F|  |TAMS 0x0000000713f00000, 0x0000000713f00000| Untracked 
| 122|0x0000000714000000, 0x0000000714000000, 0x0000000714100000|  0%| F|  |TAMS 0x0000000714000000, 0x0000000714000000| Untracked 
| 123|0x0000000714100000, 0x0000000714100000, 0x0000000714200000|  0%| F|  |TAMS 0x0000000714100000, 0x0000000714100000| Untracked 
| 124|0x0000000714200000, 0x0000000714200000, 0x0000000714300000|  0%| F|  |TAMS 0x0000000714200000, 0x0000000714200000| Untracked 
| 125|0x0000000714300000, 0x0000000714300000, 0x0000000714400000|  0%| F|  |TAMS 0x0000000714300000, 0x0000000714300000| Untracked 
| 126|0x0000000714400000, 0x0000000714400000, 0x0000000714500000|  0%| F|  |TAMS 0x0000000714400000, 0x0000000714400000| Untracked 
| 127|0x0000000714500000, 0x0000000714500000, 0x0000000714600000|  0%| F|  |TAMS 0x0000000714500000, 0x0000000714500000| Untracked 
| 128|0x0000000714600000, 0x0000000714600000, 0x0000000714700000|  0%| F|  |TAMS 0x0000000714600000, 0x0000000714600000| Untracked 
| 129|0x0000000714700000, 0x0000000714700000, 0x0000000714800000|  0%| F|  |TAMS 0x0000000714700000, 0x0000000714700000| Untracked 
| 130|0x0000000714800000, 0x0000000714800000, 0x0000000714900000|  0%| F|  |TAMS 0x0000000714800000, 0x0000000714800000| Untracked 
| 131|0x0000000714900000, 0x0000000714900000, 0x0000000714a00000|  0%| F|  |TAMS 0x0000000714900000, 0x0000000714900000| Untracked 
| 132|0x0000000714a00000, 0x0000000714a00000, 0x0000000714b00000|  0%| F|  |TAMS 0x0000000714a00000, 0x0000000714a00000| Untracked 
| 133|0x0000000714b00000, 0x0000000714b00000, 0x0000000714c00000|  0%| F|  |TAMS 0x0000000714b00000, 0x0000000714b00000| Untracked 
| 134|0x0000000714c00000, 0x0000000714c00000, 0x0000000714d00000|  0%| F|  |TAMS 0x0000000714c00000, 0x0000000714c00000| Untracked 
| 135|0x0000000714d00000, 0x0000000714d00000, 0x0000000714e00000|  0%| F|  |TAMS 0x0000000714d00000, 0x0000000714d00000| Untracked 
| 136|0x0000000714e00000, 0x0000000714e00000, 0x0000000714f00000|  0%| F|  |TAMS 0x0000000714e00000, 0x0000000714e00000| Untracked 
| 137|0x0000000714f00000, 0x0000000714f00000, 0x0000000715000000|  0%| F|  |TAMS 0x0000000714f00000, 0x0000000714f00000| Untracked 
| 138|0x0000000715000000, 0x0000000715000000, 0x0000000715100000|  0%| F|  |TAMS 0x0000000715000000, 0x0000000715000000| Untracked 
| 139|0x0000000715100000, 0x0000000715100000, 0x0000000715200000|  0%| F|  |TAMS 0x0000000715100000, 0x0000000715100000| Untracked 
| 140|0x0000000715200000, 0x0000000715200000, 0x0000000715300000|  0%| F|  |TAMS 0x0000000715200000, 0x0000000715200000| Untracked 
| 141|0x0000000715300000, 0x0000000715300000, 0x0000000715400000|  0%| F|  |TAMS 0x0000000715300000, 0x0000000715300000| Untracked 
| 142|0x0000000715400000, 0x0000000715400000, 0x0000000715500000|  0%| F|  |TAMS 0x0000000715400000, 0x0000000715400000| Untracked 
| 143|0x0000000715500000, 0x0000000715500000, 0x0000000715600000|  0%| F|  |TAMS 0x0000000715500000, 0x0000000715500000| Untracked 
| 144|0x0000000715600000, 0x0000000715600000, 0x0000000715700000|  0%| F|  |TAMS 0x0000000715600000, 0x0000000715600000| Untracked 
| 145|0x0000000715700000, 0x0000000715700000, 0x0000000715800000|  0%| F|  |TAMS 0x0000000715700000, 0x0000000715700000| Untracked 
| 146|0x0000000715800000, 0x0000000715800000, 0x0000000715900000|  0%| F|  |TAMS 0x0000000715800000, 0x0000000715800000| Untracked 
| 147|0x0000000715900000, 0x0000000715900000, 0x0000000715a00000|  0%| F|  |TAMS 0x0000000715900000, 0x0000000715900000| Untracked 
| 148|0x0000000715a00000, 0x0000000715a00000, 0x0000000715b00000|  0%| F|  |TAMS 0x0000000715a00000, 0x0000000715a00000| Untracked 
| 149|0x0000000715b00000, 0x0000000715b00000, 0x0000000715c00000|  0%| F|  |TAMS 0x0000000715b00000, 0x0000000715b00000| Untracked 
| 150|0x0000000715c00000, 0x0000000715c00000, 0x0000000715d00000|  0%| F|  |TAMS 0x0000000715c00000, 0x0000000715c00000| Untracked 
| 151|0x0000000715d00000, 0x0000000715d00000, 0x0000000715e00000|  0%| F|  |TAMS 0x0000000715d00000, 0x0000000715d00000| Untracked 
| 152|0x0000000715e00000, 0x0000000715e00000, 0x0000000715f00000|  0%| F|  |TAMS 0x0000000715e00000, 0x0000000715e00000| Untracked 
| 153|0x0000000715f00000, 0x0000000715f00000, 0x0000000716000000|  0%| F|  |TAMS 0x0000000715f00000, 0x0000000715f00000| Untracked 
| 154|0x0000000716000000, 0x0000000716000000, 0x0000000716100000|  0%| F|  |TAMS 0x0000000716000000, 0x0000000716000000| Untracked 
| 155|0x0000000716100000, 0x0000000716100000, 0x0000000716200000|  0%| F|  |TAMS 0x0000000716100000, 0x0000000716100000| Untracked 
| 156|0x0000000716200000, 0x0000000716200000, 0x0000000716300000|  0%| F|  |TAMS 0x0000000716200000, 0x0000000716200000| Untracked 
| 157|0x0000000716300000, 0x0000000716300000, 0x0000000716400000|  0%| F|  |TAMS 0x0000000716300000, 0x0000000716300000| Untracked 
| 158|0x0000000716400000, 0x0000000716400000, 0x0000000716500000|  0%| F|  |TAMS 0x0000000716400000, 0x0000000716400000| Untracked 
| 159|0x0000000716500000, 0x0000000716500000, 0x0000000716600000|  0%| F|  |TAMS 0x0000000716500000, 0x0000000716500000| Untracked 
| 160|0x0000000716600000, 0x0000000716600000, 0x0000000716700000|  0%| F|  |TAMS 0x0000000716600000, 0x0000000716600000| Untracked 
| 161|0x0000000716700000, 0x0000000716700000, 0x0000000716800000|  0%| F|  |TAMS 0x0000000716700000, 0x0000000716700000| Untracked 
| 162|0x0000000716800000, 0x0000000716800000, 0x0000000716900000|  0%| F|  |TAMS 0x0000000716800000, 0x0000000716800000| Untracked 
| 163|0x0000000716900000, 0x0000000716900000, 0x0000000716a00000|  0%| F|  |TAMS 0x0000000716900000, 0x0000000716900000| Untracked 
| 164|0x0000000716a00000, 0x0000000716a00000, 0x0000000716b00000|  0%| F|  |TAMS 0x0000000716a00000, 0x0000000716a00000| Untracked 
| 165|0x0000000716b00000, 0x0000000716b00000, 0x0000000716c00000|  0%| F|  |TAMS 0x0000000716b00000, 0x0000000716b00000| Untracked 
| 166|0x0000000716c00000, 0x0000000716c00000, 0x0000000716d00000|  0%| F|  |TAMS 0x0000000716c00000, 0x0000000716c00000| Untracked 
| 167|0x0000000716d00000, 0x0000000716d00000, 0x0000000716e00000|  0%| F|  |TAMS 0x0000000716d00000, 0x0000000716d00000| Untracked 
| 168|0x0000000716e00000, 0x0000000716e00000, 0x0000000716f00000|  0%| F|  |TAMS 0x0000000716e00000, 0x0000000716e00000| Untracked 
| 169|0x0000000716f00000, 0x0000000716f00000, 0x0000000717000000|  0%| F|  |TAMS 0x0000000716f00000, 0x0000000716f00000| Untracked 
| 170|0x0000000717000000, 0x0000000717000000, 0x0000000717100000|  0%| F|  |TAMS 0x0000000717000000, 0x0000000717000000| Untracked 
| 171|0x0000000717100000, 0x0000000717100000, 0x0000000717200000|  0%| F|  |TAMS 0x0000000717100000, 0x0000000717100000| Untracked 
| 172|0x0000000717200000, 0x0000000717200000, 0x0000000717300000|  0%| F|  |TAMS 0x0000000717200000, 0x0000000717200000| Untracked 
| 173|0x0000000717300000, 0x0000000717300000, 0x0000000717400000|  0%| F|  |TAMS 0x0000000717300000, 0x0000000717300000| Untracked 
| 174|0x0000000717400000, 0x0000000717400000, 0x0000000717500000|  0%| F|  |TAMS 0x0000000717400000, 0x0000000717400000| Untracked 
| 175|0x0000000717500000, 0x0000000717500000, 0x0000000717600000|  0%| F|  |TAMS 0x0000000717500000, 0x0000000717500000| Untracked 
| 176|0x0000000717600000, 0x0000000717600000, 0x0000000717700000|  0%| F|  |TAMS 0x0000000717600000, 0x0000000717600000| Untracked 
| 177|0x0000000717700000, 0x0000000717700000, 0x0000000717800000|  0%| F|  |TAMS 0x0000000717700000, 0x0000000717700000| Untracked 
| 178|0x0000000717800000, 0x0000000717800000, 0x0000000717900000|  0%| F|  |TAMS 0x0000000717800000, 0x0000000717800000| Untracked 
| 179|0x0000000717900000, 0x0000000717900000, 0x0000000717a00000|  0%| F|  |TAMS 0x0000000717900000, 0x0000000717900000| Untracked 
| 180|0x0000000717a00000, 0x0000000717a00000, 0x0000000717b00000|  0%| F|  |TAMS 0x0000000717a00000, 0x0000000717a00000| Untracked 
| 181|0x0000000717b00000, 0x0000000717b00000, 0x0000000717c00000|  0%| F|  |TAMS 0x0000000717b00000, 0x0000000717b00000| Untracked 
| 182|0x0000000717c00000, 0x0000000717c00000, 0x0000000717d00000|  0%| F|  |TAMS 0x0000000717c00000, 0x0000000717c00000| Untracked 
| 183|0x0000000717d00000, 0x0000000717d00000, 0x0000000717e00000|  0%| F|  |TAMS 0x0000000717d00000, 0x0000000717d00000| Untracked 
| 184|0x0000000717e00000, 0x0000000717e00000, 0x0000000717f00000|  0%| F|  |TAMS 0x0000000717e00000, 0x0000000717e00000| Untracked 
| 185|0x0000000717f00000, 0x0000000717f00000, 0x0000000718000000|  0%| F|  |TAMS 0x0000000717f00000, 0x0000000717f00000| Untracked 
| 186|0x0000000718000000, 0x0000000718000000, 0x0000000718100000|  0%| F|  |TAMS 0x0000000718000000, 0x0000000718000000| Untracked 
| 187|0x0000000718100000, 0x0000000718100000, 0x0000000718200000|  0%| F|  |TAMS 0x0000000718100000, 0x0000000718100000| Untracked 
| 188|0x0000000718200000, 0x0000000718200000, 0x0000000718300000|  0%| F|  |TAMS 0x0000000718200000, 0x0000000718200000| Untracked 
| 189|0x0000000718300000, 0x0000000718300000, 0x0000000718400000|  0%| F|  |TAMS 0x0000000718300000, 0x0000000718300000| Untracked 
| 190|0x0000000718400000, 0x0000000718400000, 0x0000000718500000|  0%| F|  |TAMS 0x0000000718400000, 0x0000000718400000| Untracked 
| 191|0x0000000718500000, 0x0000000718500000, 0x0000000718600000|  0%| F|  |TAMS 0x0000000718500000, 0x0000000718500000| Untracked 
| 192|0x0000000718600000, 0x0000000718600000, 0x0000000718700000|  0%| F|  |TAMS 0x0000000718600000, 0x0000000718600000| Untracked 
| 193|0x0000000718700000, 0x0000000718700000, 0x0000000718800000|  0%| F|  |TAMS 0x0000000718700000, 0x0000000718700000| Untracked 
| 194|0x0000000718800000, 0x0000000718800000, 0x0000000718900000|  0%| F|  |TAMS 0x0000000718800000, 0x0000000718800000| Untracked 
| 195|0x0000000718900000, 0x0000000718900000, 0x0000000718a00000|  0%| F|  |TAMS 0x0000000718900000, 0x0000000718900000| Untracked 
| 196|0x0000000718a00000, 0x0000000718a00000, 0x0000000718b00000|  0%| F|  |TAMS 0x0000000718a00000, 0x0000000718a00000| Untracked 
| 197|0x0000000718b00000, 0x0000000718b00000, 0x0000000718c00000|  0%| F|  |TAMS 0x0000000718b00000, 0x0000000718b00000| Untracked 
| 198|0x0000000718c00000, 0x0000000718c00000, 0x0000000718d00000|  0%| F|  |TAMS 0x0000000718c00000, 0x0000000718c00000| Untracked 
| 199|0x0000000718d00000, 0x0000000718d00000, 0x0000000718e00000|  0%| F|  |TAMS 0x0000000718d00000, 0x0000000718d00000| Untracked 
| 200|0x0000000718e00000, 0x0000000718e00000, 0x0000000718f00000|  0%| F|  |TAMS 0x0000000718e00000, 0x0000000718e00000| Untracked 
| 201|0x0000000718f00000, 0x0000000718f00000, 0x0000000719000000|  0%| F|  |TAMS 0x0000000718f00000, 0x0000000718f00000| Untracked 
| 202|0x0000000719000000, 0x0000000719000000, 0x0000000719100000|  0%| F|  |TAMS 0x0000000719000000, 0x0000000719000000| Untracked 
| 203|0x0000000719100000, 0x0000000719100000, 0x0000000719200000|  0%| F|  |TAMS 0x0000000719100000, 0x0000000719100000| Untracked 
| 204|0x0000000719200000, 0x0000000719200000, 0x0000000719300000|  0%| F|  |TAMS 0x0000000719200000, 0x0000000719200000| Untracked 
| 205|0x0000000719300000, 0x0000000719300000, 0x0000000719400000|  0%| F|  |TAMS 0x0000000719300000, 0x0000000719300000| Untracked 
| 206|0x0000000719400000, 0x0000000719400000, 0x0000000719500000|  0%| F|  |TAMS 0x0000000719400000, 0x0000000719400000| Untracked 
| 207|0x0000000719500000, 0x0000000719500000, 0x0000000719600000|  0%| F|  |TAMS 0x0000000719500000, 0x0000000719500000| Untracked 
| 208|0x0000000719600000, 0x0000000719600000, 0x0000000719700000|  0%| F|  |TAMS 0x0000000719600000, 0x0000000719600000| Untracked 
| 209|0x0000000719700000, 0x0000000719700000, 0x0000000719800000|  0%| F|  |TAMS 0x0000000719700000, 0x0000000719700000| Untracked 
| 210|0x0000000719800000, 0x0000000719800000, 0x0000000719900000|  0%| F|  |TAMS 0x0000000719800000, 0x0000000719800000| Untracked 
| 211|0x0000000719900000, 0x0000000719900000, 0x0000000719a00000|  0%| F|  |TAMS 0x0000000719900000, 0x0000000719900000| Untracked 
| 212|0x0000000719a00000, 0x0000000719a00000, 0x0000000719b00000|  0%| F|  |TAMS 0x0000000719a00000, 0x0000000719a00000| Untracked 
| 213|0x0000000719b00000, 0x0000000719b00000, 0x0000000719c00000|  0%| F|  |TAMS 0x0000000719b00000, 0x0000000719b00000| Untracked 
| 214|0x0000000719c00000, 0x0000000719c00000, 0x0000000719d00000|  0%| F|  |TAMS 0x0000000719c00000, 0x0000000719c00000| Untracked 
| 215|0x0000000719d00000, 0x0000000719d00000, 0x0000000719e00000|  0%| F|  |TAMS 0x0000000719d00000, 0x0000000719d00000| Untracked 
| 216|0x0000000719e00000, 0x0000000719e00000, 0x0000000719f00000|  0%| F|  |TAMS 0x0000000719e00000, 0x0000000719e00000| Untracked 
| 217|0x0000000719f00000, 0x000000071a000000, 0x000000071a000000|100%| S|CS|TAMS 0x0000000719f00000, 0x0000000719f00000| Complete 
| 218|0x000000071a000000, 0x000000071a100000, 0x000000071a100000|100%| S|CS|TAMS 0x000000071a000000, 0x000000071a000000| Complete 
| 219|0x000000071a100000, 0x000000071a200000, 0x000000071a200000|100%| S|CS|TAMS 0x000000071a100000, 0x000000071a100000| Complete 
| 220|0x000000071a200000, 0x000000071a200000, 0x000000071a300000|  0%| F|  |TAMS 0x000000071a200000, 0x000000071a200000| Untracked 
| 221|0x000000071a300000, 0x000000071a300000, 0x000000071a400000|  0%| F|  |TAMS 0x000000071a300000, 0x000000071a300000| Untracked 
| 222|0x000000071a400000, 0x000000071a400000, 0x000000071a500000|  0%| F|  |TAMS 0x000000071a400000, 0x000000071a400000| Untracked 
| 223|0x000000071a500000, 0x000000071a500000, 0x000000071a600000|  0%| F|  |TAMS 0x000000071a500000, 0x000000071a500000| Untracked 
| 224|0x000000071a600000, 0x000000071a600000, 0x000000071a700000|  0%| F|  |TAMS 0x000000071a600000, 0x000000071a600000| Untracked 
| 225|0x000000071a700000, 0x000000071a700000, 0x000000071a800000|  0%| F|  |TAMS 0x000000071a700000, 0x000000071a700000| Untracked 
| 226|0x000000071a800000, 0x000000071a800000, 0x000000071a900000|  0%| F|  |TAMS 0x000000071a800000, 0x000000071a800000| Untracked 
| 227|0x000000071a900000, 0x000000071aa00000, 0x000000071aa00000|100%| E|  |TAMS 0x000000071a900000, 0x000000071a900000| Complete 
| 228|0x000000071aa00000, 0x000000071ab00000, 0x000000071ab00000|100%| E|CS|TAMS 0x000000071aa00000, 0x000000071aa00000| Complete 
| 229|0x000000071ab00000, 0x000000071ac00000, 0x000000071ac00000|100%| E|CS|TAMS 0x000000071ab00000, 0x000000071ab00000| Complete 
| 230|0x000000071ac00000, 0x000000071ad00000, 0x000000071ad00000|100%| E|CS|TAMS 0x000000071ac00000, 0x000000071ac00000| Complete 
| 231|0x000000071ad00000, 0x000000071ae00000, 0x000000071ae00000|100%| E|CS|TAMS 0x000000071ad00000, 0x000000071ad00000| Complete 
| 232|0x000000071ae00000, 0x000000071af00000, 0x000000071af00000|100%| E|CS|TAMS 0x000000071ae00000, 0x000000071ae00000| Complete 
| 233|0x000000071af00000, 0x000000071b000000, 0x000000071b000000|100%| E|CS|TAMS 0x000000071af00000, 0x000000071af00000| Complete 
| 234|0x000000071b000000, 0x000000071b100000, 0x000000071b100000|100%| E|CS|TAMS 0x000000071b000000, 0x000000071b000000| Complete 
| 235|0x000000071b100000, 0x000000071b200000, 0x000000071b200000|100%| E|CS|TAMS 0x000000071b100000, 0x000000071b100000| Complete 
| 236|0x000000071b200000, 0x000000071b300000, 0x000000071b300000|100%| E|CS|TAMS 0x000000071b200000, 0x000000071b200000| Complete 
| 237|0x000000071b300000, 0x000000071b400000, 0x000000071b400000|100%| E|CS|TAMS 0x000000071b300000, 0x000000071b300000| Complete 
| 238|0x000000071b400000, 0x000000071b500000, 0x000000071b500000|100%| E|CS|TAMS 0x000000071b400000, 0x000000071b400000| Complete 
| 239|0x000000071b500000, 0x000000071b600000, 0x000000071b600000|100%| E|CS|TAMS 0x000000071b500000, 0x000000071b500000| Complete 
| 240|0x000000071b600000, 0x000000071b700000, 0x000000071b700000|100%| E|CS|TAMS 0x000000071b600000, 0x000000071b600000| Complete 
| 241|0x000000071b700000, 0x000000071b800000, 0x000000071b800000|100%| E|CS|TAMS 0x000000071b700000, 0x000000071b700000| Complete 
| 242|0x000000071b800000, 0x000000071b900000, 0x000000071b900000|100%| E|CS|TAMS 0x000000071b800000, 0x000000071b800000| Complete 
| 243|0x000000071b900000, 0x000000071ba00000, 0x000000071ba00000|100%| E|CS|TAMS 0x000000071b900000, 0x000000071b900000| Complete 

Card table byte_map: [0x00000281eace0000,0x00000281eb480000] _byte_map_base: 0x00000281e747d000

Marking Bits (Prev, Next): (CMBitMap*) 0x00000281f3714098, (CMBitMap*) 0x00000281f37140d0
 Prev Bits: [0x00000281ebc20000, 0x00000281ef908000)
 Next Bits: [0x00000281ef910000, 0x00000281f35f8000)

Polling page: 0x00000281d2530000

Metaspace:

Usage:
  Non-class:     13.08 MB capacity,    12.87 MB ( 98%) used,   177.45 KB (  1%) free+waste,    40.50 KB ( <1%) overhead. 
      Class:      1.77 MB capacity,     1.63 MB ( 92%) used,   125.26 KB (  7%) free+waste,    21.00 KB (  1%) overhead. 
       Both:     14.86 MB capacity,    14.50 MB ( 98%) used,   302.71 KB (  2%) free+waste,    61.50 KB ( <1%) overhead. 

Virtual space:
  Non-class space:       14.00 MB reserved,      13.25 MB ( 95%) committed 
      Class space:        1.00 GB reserved,       1.88 MB ( <1%) committed 
             Both:        1.01 GB reserved,      15.13 MB (  1%) committed 

Chunk freelists:
   Non-Class:  5.25 KB
       Class:  1.25 KB
        Both:  6.50 KB

CodeHeap 'non-profiled nmethods': size=238336Kb used=2057Kb max_used=2057Kb free=236278Kb
 bounds [0x00000281db950000, 0x00000281dbbc0000, 0x00000281ea210000]
CodeHeap 'non-nmethods': size=7424Kb used=1101Kb max_used=1101Kb free=6322Kb
 bounds [0x00000281db210000, 0x00000281db480000, 0x00000281db950000]
 total_blobs=1841 nmethods=1446 adapters=321
 compilation: enabled
              stopped_count=0, restarted_count=0
 full_count=0

Compilation events (10 events):
Event: 0.859 Thread 0x00000281f6ad9800 nmethod 1447 0x00000281dbb4d490 code [0x00000281dbb4d6a0, 0x00000281dbb4da38]
Event: 0.859 Thread 0x00000281f6ad9800 1452       1       org.springframework.core.ResolvableType::getGenerics (148 bytes)
Event: 0.860 Thread 0x00000281f6ad9800 nmethod 1452 0x00000281dbb4dc90 code [0x00000281dbb4dee0, 0x00000281dbb4e9b8]
Event: 0.860 Thread 0x00000281f6ad9800 1450       1       org.springframework.core.ResolvableType::equals (157 bytes)
Event: 0.860 Thread 0x00000281f6ad9800 nmethod 1450 0x00000281dbb4ee10 code [0x00000281dbb4f020, 0x00000281dbb4f3d8]
Event: 0.860 Thread 0x00000281f6ad9800 1440       1       org.springframework.core.convert.converter.GenericConverter$ConvertiblePair::hashCode (19 bytes)
Event: 0.860 Thread 0x00000281f6ad9800 nmethod 1440 0x00000281dbb4f590 code [0x00000281dbb4f740, 0x00000281dbb4f858]
Event: 0.860 Thread 0x00000281f6ad9800 1439       1       java.util.Collections$SingletonSet::iterator (8 bytes)
Event: 0.860 Thread 0x00000281f6ad9800 nmethod 1439 0x00000281dbb4f990 code [0x00000281dbb4fb20, 0x00000281dbb4fc98]
Event: 0.860 Thread 0x00000281f6ad9800 1441       1       java.lang.invoke.VarHandleObjects$FieldInstanceReadWrite::compareAndSet (38 bytes)

GC Heap History (2 events):
Event: 0.640 GC heap before
{Heap before GC invocations=0 (full 0):
 garbage-first heap   total 249856K, used 25600K [0x000000070c600000, 0x0000000800000000)
  region size 1024K, 24 young (24576K), 0 survivors (0K)
 Metaspace       used 11191K, capacity 11407K, committed 11520K, reserved 1058816K
  class space    used 1159K, capacity 1258K, committed 1280K, reserved 1048576K
}
Event: 0.644 GC heap after
{Heap after GC invocations=1 (full 0):
 garbage-first heap   total 249856K, used 6270K [0x000000070c600000, 0x0000000800000000)
  region size 1024K, 3 young (3072K), 3 survivors (3072K)
 Metaspace       used 11191K, capacity 11407K, committed 11520K, reserved 1058816K
  class space    used 1159K, capacity 1258K, committed 1280K, reserved 1048576K
}

Deoptimization events (0 events):
No events

Classes redefined (0 events):
No events

Internal exceptions (10 events):
Event: 0.760 Thread 0x00000281d2de4800 Exception <a 'java/lang/NoSuchMethodError'{0x000000071af4f080}: java.lang.invoke.DirectMethodHandle$Holder.invokeStatic(Ljava/lang/Object;Ljava/lang/Object;Ljava/lang/Object;ILjava/lang/Object;)Ljava/lang/Object;> (0x000000071af4f080) thrown at [./open/sr
Event: 0.760 Thread 0x00000281d2de4800 Exception <a 'java/lang/NoSuchMethodError'{0x000000071af55a80}: java.lang.invoke.Invokers$Holder.linkToTargetMethod(Ljava/lang/Object;Ljava/lang/Object;ILjava/lang/Object;Ljava/lang/Object;)Ljava/lang/Object;> (0x000000071af55a80) thrown at [./open/src/ho
Event: 0.760 Thread 0x00000281d2de4800 Exception <a 'java/lang/NoSuchMethodError'{0x000000071af60d10}: java.lang.invoke.DirectMethodHandle$Holder.invokeStatic(Ljava/lang/Object;ILjava/lang/Object;Ljava/lang/Object;)I> (0x000000071af60d10) thrown at [./open/src/hotspot/share/interpreter/linkRes
Event: 0.760 Thread 0x00000281d2de4800 Exception <a 'java/lang/NoSuchMethodError'{0x000000071af67e18}: java.lang.invoke.DirectMethodHandle$Holder.invokeStatic(Ljava/lang/Object;ILjava/lang/Object;)Ljava/lang/Object;> (0x000000071af67e18) thrown at [./open/src/hotspot/share/interpreter/linkReso
Event: 0.761 Thread 0x00000281d2de4800 Exception <a 'java/lang/NoSuchMethodError'{0x000000071af6c1c0}: java.lang.invoke.DirectMethodHandle$Holder.invokeSpecialIFC(Ljava/lang/Object;Ljava/lang/Object;Ljava/lang/Object;Ljava/lang/Object;)I> (0x000000071af6c1c0) thrown at [./open/src/hotspot/shar
Event: 0.783 Thread 0x00000281d2de4800 Exception <a 'java/lang/NoSuchMethodError'{0x000000071ad3ffe8}: java.lang.invoke.DirectMethodHandle$Holder.invokeStaticInit(Ljava/lang/Object;Ljava/lang/Object;)V> (0x000000071ad3ffe8) thrown at [./open/src/hotspot/share/interpreter/linkResolver.cpp, line
Event: 0.784 Thread 0x00000281d2de4800 Exception <a 'java/lang/NoSuchMethodError'{0x000000071ad63a10}: java.lang.invoke.DirectMethodHandle$Holder.invokeStaticInit(Ljava/lang/Object;Ljava/lang/Object;Ljava/lang/Object;)V> (0x000000071ad63a10) thrown at [./open/src/hotspot/share/interpreter/link
Event: 0.793 Thread 0x00000281d2de4800 Exception <a 'java/lang/NoSuchMethodError'{0x000000071ad8d370}: java.lang.invoke.DirectMethodHandle$Holder.invokeStaticInit(Ljava/lang/Object;Ljava/lang/Object;Ljava/lang/Object;)Ljava/lang/Object;> (0x000000071ad8d370) thrown at [./open/src/hotspot/share
Event: 0.832 Thread 0x00000281d2de4800 Exception <a 'java/lang/NoSuchMethodError'{0x000000071ac84db8}: java.lang.invoke.DirectMethodHandle$Holder.invokeVirtual(Ljava/lang/Object;Ljava/lang/Object;Ljava/lang/Object;Ljava/lang/Object;)V> (0x000000071ac84db8) thrown at [./open/src/hotspot/share/i
Event: 0.853 Thread 0x00000281d2de4800 Exception <a 'java/lang/NoSuchMethodError'{0x000000071aac2980}: java.lang.invoke.DirectMethodHandle$Holder.invokeSpecial(Ljava/lang/Object;Ljava/lang/Object;Ljava/lang/Object;Ljava/lang/Object;Ljava/lang/Object;)V> (0x000000071aac2980) thrown at [./open/s

Events (10 events):
Event: 0.860 loading class javax/validation/Validation
Event: 0.860 loading class javax/validation/Validation done
Event: 0.860 Executing VM operation: RevokeBias
Event: 0.860 Executing VM operation: RevokeBias done
Event: 0.860 Executing VM operation: RevokeBias
Event: 0.860 Executing VM operation: RevokeBias done
Event: 0.860 Executing VM operation: RevokeBias
Event: 0.860 Executing VM operation: RevokeBias done
Event: 0.860 Executing VM operation: RevokeBias
Event: 0.860 Executing VM operation: RevokeBias done


Dynamic libraries:
0x00007ff6d7210000 - 0x00007ff6d721f000 	C:\Program Files\Java\jdk-11.0.12\bin\java.exe
0x00007ffb65800000 - 0x00007ffb659ed000 	C:\WINDOWS\SYSTEM32\ntdll.dll
0x00007ffb63730000 - 0x00007ffb637e3000 	C:\WINDOWS\System32\KERNEL32.DLL
0x00007ffb618f0000 - 0x00007ffb61b85000 	C:\WINDOWS\System32\KERNELBASE.dll
0x0000000077c10000 - 0x0000000077cb6000 	C:\WINDOWS\System32\SYSFER.DLL
0x00007ffb62720000 - 0x00007ffb6281a000 	C:\WINDOWS\System32\ucrtbase.dll
0x00007ffb5d9e0000 - 0x00007ffb5d9f8000 	C:\Program Files\Java\jdk-11.0.12\bin\jli.dll
0x00007ffb5d9c0000 - 0x00007ffb5d9d5000 	C:\Program Files\Java\jdk-11.0.12\bin\VCRUNTIME140.dll
0x00007ffb62b50000 - 0x00007ffb62bf3000 	C:\WINDOWS\System32\ADVAPI32.dll
0x00007ffb63cb0000 - 0x00007ffb63d4e000 	C:\WINDOWS\System32\msvcrt.dll
0x00007ffb62d40000 - 0x00007ffb62dde000 	C:\WINDOWS\System32\sechost.dll
0x00007ffb637f0000 - 0x00007ffb6390f000 	C:\WINDOWS\System32\RPCRT4.dll
0x00007ffb63aa0000 - 0x00007ffb63c37000 	C:\WINDOWS\System32\USER32.dll
0x00007ffb62510000 - 0x00007ffb62530000 	C:\WINDOWS\System32\win32u.dll
0x00007ffb63d50000 - 0x00007ffb63d79000 	C:\WINDOWS\System32\GDI32.dll
0x00007ffb62820000 - 0x00007ffb629bc000 	C:\WINDOWS\System32\gdi32full.dll
0x00007ffb622e0000 - 0x00007ffb62380000 	C:\WINDOWS\System32\msvcp_win.dll
0x00007ffb51b60000 - 0x00007ffb51dd9000 	C:\WINDOWS\WinSxS\amd64_microsoft.windows.common-controls_6595b64144ccf1df_6.0.17763.1935_none_de70702c534c0c76\COMCTL32.dll
0x00007ffb63200000 - 0x00007ffb6352d000 	C:\WINDOWS\System32\combase.dll
0x00007ffb623e0000 - 0x00007ffb6245f000 	C:\WINDOWS\System32\bcryptPrimitives.dll
0x00007ffb5c0a0000 - 0x00007ffb5c0aa000 	C:\WINDOWS\SYSTEM32\VERSION.dll
0x00007ffb63c40000 - 0x00007ffb63c48000 	C:\WINDOWS\System32\psapi.dll
0x00007ffb63530000 - 0x00007ffb6355e000 	C:\WINDOWS\System32\IMM32.DLL
0x0000000068000000 - 0x0000000068066000 	C:\WINDOWS\System32\QIPCAP64.dll
0x00007ffb64200000 - 0x00007ffb656f9000 	C:\WINDOWS\System32\SHELL32.dll
0x00007ffb629e0000 - 0x00007ffb62a2a000 	C:\WINDOWS\System32\cfgmgr32.dll
0x00007ffb63090000 - 0x00007ffb63138000 	C:\WINDOWS\System32\shcore.dll
0x00007ffb61b90000 - 0x00007ffb622db000 	C:\WINDOWS\System32\windows.storage.dll
0x00007ffb61870000 - 0x00007ffb61894000 	C:\WINDOWS\System32\profapi.dll
0x00007ffb61810000 - 0x00007ffb6186d000 	C:\WINDOWS\System32\powrprof.dll
0x00007ffb62af0000 - 0x00007ffb62b42000 	C:\WINDOWS\System32\shlwapi.dll
0x00007ffb617f0000 - 0x00007ffb61801000 	C:\WINDOWS\System32\kernel.appcore.dll
0x00007ffb629c0000 - 0x00007ffb629d7000 	C:\WINDOWS\System32\cryptsp.dll
0x00007ffb604b0000 - 0x00007ffb604da000 	C:\WINDOWS\SYSTEM32\MAPI32.dll
0x00007ffb63560000 - 0x00007ffb636b6000 	C:\WINDOWS\System32\ole32.dll
0x00007ffb63910000 - 0x00007ffb6392d000 	C:\WINDOWS\System32\imagehlp.dll
0x00007ffb60d30000 - 0x00007ffb60df6000 	C:\WINDOWS\SYSTEM32\DNSAPI.dll
0x00007ffb636c0000 - 0x00007ffb6372d000 	C:\WINDOWS\System32\WS2_32.dll
0x00007ffb62d30000 - 0x00007ffb62d38000 	C:\WINDOWS\System32\NSI.dll
0x00007ffb60cf0000 - 0x00007ffb60d2d000 	C:\WINDOWS\SYSTEM32\IPHLPAPI.DLL
0x00007ffb3de50000 - 0x00007ffb3deeb000 	C:\Program Files\Java\jdk-11.0.12\bin\msvcp140.dll
0x00007ffb060e0000 - 0x00007ffb06bdf000 	C:\Program Files\Java\jdk-11.0.12\bin\server\jvm.dll
0x00007ffb4f4f0000 - 0x00007ffb4f4f9000 	C:\WINDOWS\SYSTEM32\WSOCK32.dll
0x00007ffb5f2b0000 - 0x00007ffb5f2d4000 	C:\WINDOWS\SYSTEM32\WINMM.dll
0x00007ffb5f280000 - 0x00007ffb5f2ad000 	C:\WINDOWS\SYSTEM32\WINMMBASE.dll
0x00007ffb5da40000 - 0x00007ffb5da50000 	C:\Program Files\Java\jdk-11.0.12\bin\verify.dll
0x00007ffb60290000 - 0x00007ffb6047d000 	C:\WINDOWS\SYSTEM32\DBGHELP.DLL
0x00007ffb4d660000 - 0x00007ffb4d68a000 	C:\WINDOWS\SYSTEM32\dbgcore.DLL
0x00007ffb5c480000 - 0x00007ffb5c4a8000 	C:\Program Files\Java\jdk-11.0.12\bin\java.dll
0x00007ffb5c470000 - 0x00007ffb5c47a000 	C:\Program Files\Java\jdk-11.0.12\bin\jimage.dll
0x00007ffb58650000 - 0x00007ffb58666000 	C:\Program Files\Java\jdk-11.0.12\bin\zip.dll
0x00007ffb57f50000 - 0x00007ffb57f69000 	C:\Program Files\Java\jdk-11.0.12\bin\net.dll
0x00007ffb586a0000 - 0x00007ffb5879b000 	C:\WINDOWS\SYSTEM32\WINHTTP.dll
0x00007ffb60fd0000 - 0x00007ffb61037000 	C:\WINDOWS\system32\mswsock.dll
0x00007ffb57ec0000 - 0x00007ffb57ed2000 	C:\Program Files\Java\jdk-11.0.12\bin\nio.dll
0x00007ffb57c50000 - 0x00007ffb57c59000 	C:\Program Files\Java\jdk-11.0.12\bin\management.dll
0x00007ffb521c0000 - 0x00007ffb521cb000 	C:\Program Files\Java\jdk-11.0.12\bin\management_ext.dll
0x00007ffb47160000 - 0x00007ffb47176000 	C:\WINDOWS\system32\napinsp.dll
0x00007ffb44010000 - 0x00007ffb4402a000 	C:\WINDOWS\system32\pnrpnsp.dll
0x00007ffb4d410000 - 0x00007ffb4d41e000 	C:\WINDOWS\System32\winrnr.dll
0x00007ffb5d730000 - 0x00007ffb5d74b000 	C:\WINDOWS\system32\NLAapi.dll
0x00007ffb59280000 - 0x00007ffb59295000 	C:\WINDOWS\system32\wshbth.dll
0x00007ffb562f0000 - 0x00007ffb562fa000 	C:\Windows\System32\rasadhlp.dll
0x00007ffb5b790000 - 0x00007ffb5b809000 	C:\WINDOWS\System32\fwpuclnt.dll
0x00000281d2cc0000 - 0x00000281d2ce6000 	C:\WINDOWS\System32\bcrypt.dll

dbghelp: loaded successfully - version: 4.0.5 - missing functions: none
symbol engine: initialized successfully - sym options: 0x614 - pdb path: .;C:\Program Files\Java\jdk-11.0.12\bin;C:\WINDOWS\SYSTEM32;C:\WINDOWS\WinSxS\amd64_microsoft.windows.common-controls_6595b64144ccf1df_6.0.17763.1935_none_de70702c534c0c76;C:\Program Files\Java\jdk-11.0.12\bin\server

VM Arguments:
jvm_args: -Xverify:none -XX:TieredStopAtLevel=1 
java_command: com.example.demo.DemoApplication
java_class_path (initial): C:\Users\Himanshu2.Agarwal\Downloads\java-rest-demo\demo\target\classes;C:\Users\Himanshu2.Agarwal\.m2\repository\org\springframework\spring-aop\5.3.9\spring-aop-5.3.9.jar;C:\Users\Himanshu2.Agarwal\.m2\repository\org\aspectj\aspectjweaver\1.9.7\aspectjweaver-1.9.7.jar;C:\Users\Himanshu2.Agarwal\.m2\repository\com\zaxxer\HikariCP\4.0.3\HikariCP-4.0.3.jar;C:\Users\Himanshu2.Agarwal\.m2\repository\org\springframework\spring-jdbc\5.3.9\spring-jdbc-5.3.9.jar;C:\Users\Himanshu2.Agarwal\.m2\repository\jakarta\transaction\jakarta.transaction-api\1.3.3\jakarta.transaction-api-1.3.3.jar;C:\Users\Himanshu2.Agarwal\.m2\repository\jakarta\persistence\jakarta.persistence-api\2.2.3\jakarta.persistence-api-2.2.3.jar;C:\Users\Himanshu2.Agarwal\.m2\repository\org\hibernate\hibernate-core\5.4.32.Final\hibernate-core-5.4.32.Final.jar;C:\Users\Himanshu2.Agarwal\.m2\repository\org\jboss\logging\jboss-logging\3.4.2.Final\jboss-logging-3.4.2.Final.jar;C:\Users\Himanshu2.Agarwal\.m2\repository\org\javassist\javassist\3.27.0-GA\javassist-3.27.0-GA.jar;C:\Users\Himanshu2.Agarwal\.m2\repository\net\bytebuddy\byte-buddy\1.10.22\byte-buddy-1.10.22.jar;C:\Users\Himanshu2.Agarwal\.m2\repository\antlr\antlr\2.7.7\antlr-2.7.7.jar;C:\Users\Himanshu2.Agarwal\.m2\repository\org\jboss\jandex\2.2.3.Final\jandex-2.2.3.Final.jar;C:\Users\Himanshu2.Agarwal\.m2\repository\com\fasterxml\classmate\1.5.1\classmate-1.5.1.jar;C:\Users\Himanshu2.Agarwal\.m2\repository\org\dom4j\dom4j\2.1.3\dom4j-2.1.3.jar;C:\Users\Himanshu2.Agarwal\.m2\repository\org\hibernate\common\hibernate-commons-annotations\5.1.2.Final\hibernate-commons-annotations-5.1.2.Final.jar;C:\Users\Himanshu2.Agarwal\.m2\repository\org\glassfish\jaxb\jaxb-runtime\2.3.5\jaxb-runtime-2.3.5.jar;C:\Users\Himanshu2.Agarwal\.m2\repository\org\glassfish\jaxb\txw2\2.3.5\txw2-2.3.5.jar;C:\Users\Himanshu2.Agarwal\.m2\repository\com\sun\istack\istack-commons-runtime\3.0.12\istack-commons-runtime-3.0.12.jar;C:\Users\Himanshu2.Agarwal
Launcher Type: SUN_STANDARD

[Global flags]
     bool BytecodeVerificationLocal                = false                                     {product} {command line}
     bool BytecodeVerificationRemote               = false                                     {product} {command line}
     intx CICompilerCount                          = 4                                         {product} {ergonomic}
     uint ConcGCThreads                            = 2                                         {product} {ergonomic}
     uint G1ConcRefinementThreads                  = 8                                         {product} {ergonomic}
   size_t G1HeapRegionSize                         = 1048576                                   {product} {ergonomic}
    uintx GCDrainStackTargetSize                   = 64                                        {product} {ergonomic}
   size_t InitialHeapSize                          = 255852544                                 {product} {ergonomic}
   size_t MarkStackSize                            = 4194304                                   {product} {ergonomic}
   size_t MaxHeapSize                              = 4087349248                                {product} {ergonomic}
   size_t MaxNewSize                               = 2451570688                                {product} {ergonomic}
   size_t MinHeapDeltaBytes                        = 1048576                                   {product} {ergonomic}
    uintx NonNMethodCodeHeapSize                   = 7549744                                {pd product} {ergonomic}
    uintx NonProfiledCodeHeapSize                  = 244108496                              {pd product} {ergonomic}
    uintx ProfiledCodeHeapSize                     = 0                                      {pd product} {ergonomic}
    uintx ReservedCodeCacheSize                    = 251658240                              {pd product} {ergonomic}
     bool SegmentedCodeCache                       = true                                      {product} {ergonomic}
     intx TieredStopAtLevel                        = 1                                         {product} {command line}
     bool UseCompressedClassPointers               = true                                 {lp64_product} {ergonomic}
     bool UseCompressedOops                        = true                                 {lp64_product} {ergonomic}
     bool UseG1GC                                  = true                                      {product} {ergonomic}
     bool UseLargePagesIndividualAllocation        = false                                  {pd product} {ergonomic}

Logging:
Log output configuration:
 #0: stdout all=warning uptime,level,tags
 #1: stderr all=off uptime,level,tags

Environment Variables:
CLASSPATH=C:\Program Files (x86)\Documentum\DocLink\aspectjrt.jar;C:\Program Files (x86)\Documentum\DocLink\certjFIPS.jar;C:\Program Files (x86)\Documentum\DocLink\commons-lang-2.4.jar;C:\Program Files (x86)\Documentum\DocLink\jsafeFIPS.jar;C:\Program Files (x86)\Documentum\DocLink\log4j.jar;C:\Program Files (x86)\Documentum\DocLink\dfc.jar;C:\Program Files (x86)\Documentum\DocLink\dfc.properties;C:\Program Files (x86)\Documentum\DocLink;C:\Documentum\config;C:\Program Files\Documentum\dctm.jar
PATH=C:\Program Files\Common Files\Oracle\Java\javapath;C:\Program Files\avs\bin;C:\Program Files\avs\bin32;C:\Program Files\Documentum\Shared;C:\ProgramData\Oracle\Java\javapath;C:\WINDOWS\system32;C:\WINDOWS;C:\WINDOWS\System32\Wbem;C:\WINDOWS\System32\WindowsPowerShell\v1.0\;C:\WINDOWS\System32\OpenSSH\;C:\Program Files (x86)\Enterprise Vault\EVClient\x64\;C:\Windows\CCM;C:\Windows\CCM;C:\Windows\CCM;C:\Windows\CCM;C:\Windows\CCM;C:\Program Files\Git\cmd;C:\Program Files\Microsoft VS Code\bin;C:\Users\Himanshu2.Agarwal\AppData\Local\Microsoft\WindowsApps;C:\Users\Himanshu2.Agarwal\apache-maven-3.8.2\bin;
USERNAME=Himanshu2.Agarwal
OS=Windows_NT
PROCESSOR_IDENTIFIER=AMD64 Family 23 Model 96 Stepping 1, AuthenticAMD



---------------  S Y S T E M  ---------------

OS: Windows 10 , 64 bit Build 17763 (10.0.17763.1879)

CPU:total 8 (initial active 8) (8 cores per cpu, 1 threads per core) family 23 model 96 stepping 1 microcode 0x0, cmov, cx8, fxsr, mmx, sse, sse2, sse3, ssse3, sse4.1, sse4.2, popcnt, avx, avx2, aes, clmul, mmxext, 3dnowpref, lzcnt, sse4a, tsc, tscinvbit, tscinv, bmi1, bmi2, adx, sha, 

Memory: 4k page, system-wide physical 15591M (7686M free)
TotalPageFile size 17895M (AvailPageFile size 8610M)
current process WorkingSet (physical memory assigned to process): 87M, peak: 87M
current process commit charge ("private bytes"): 343M, peak: 343M

vm_info: Java HotSpot(TM) 64-Bit Server VM (11.0.12+8-LTS-237) for windows-amd64 JRE (11.0.12+8-LTS-237), built on Jun  8 2021 11:25:59 by "mach5one" with MS VC++ 15.9 (VS2017)

END.
